<?xml version="1.0" encoding="UTF-8" ?>
<testsuite tests="24" failures="0" name="runner.TestRunner" time="0.575" errors="0" skipped="0">
  <properties>
    <property name="java.runtime.name" value="Java(TM) SE Runtime Environment"/>
    <property name="sun.boot.library.path" value="C:\Program Files\Java\jdk1.8.0_261\jre\bin"/>
    <property name="java.vm.version" value="25.261-b12"/>
    <property name="java.vm.vendor" value="Oracle Corporation"/>
    <property name="maven.multiModuleProjectDirectory" value="C:\NewProjectFolder\RatesAPI\Rates_API"/>
    <property name="java.vendor.url" value="http://java.oracle.com/"/>
    <property name="path.separator" value=";"/>
    <property name="guice.disable.misplaced.annotation.check" value="true"/>
    <property name="java.vm.name" value="Java HotSpot(TM) 64-Bit Server VM"/>
    <property name="file.encoding.pkg" value="sun.io"/>
    <property name="user.script" value=""/>
    <property name="user.country" value="US"/>
    <property name="sun.java.launcher" value="SUN_STANDARD"/>
    <property name="sun.os.patch.level" value=""/>
    <property name="java.vm.specification.name" value="Java Virtual Machine Specification"/>
    <property name="user.dir" value="C:\NewProjectFolder\RatesAPI\Rates_API"/>
    <property name="java.runtime.version" value="1.8.0_261-b12"/>
    <property name="java.awt.graphicsenv" value="sun.awt.Win32GraphicsEnvironment"/>
    <property name="java.endorsed.dirs" value="C:\Program Files\Java\jdk1.8.0_261\jre\lib\endorsed"/>
    <property name="os.arch" value="amd64"/>
    <property name="java.io.tmpdir" value="C:\Users\POORVA~1.DIX\AppData\Local\Temp\"/>
    <property name="line.separator" value="
"/>
    <property name="java.vm.specification.vendor" value="Oracle Corporation"/>
    <property name="user.variant" value=""/>
    <property name="os.name" value="Windows 10"/>
    <property name="classworlds.conf" value="C:\Users\poorva.dixit\eclipse-workspace\testprojectflipkart\.metadata\.plugins\org.eclipse.m2e.launching\launches\m2conf4712036799218701556.tmp"/>
    <property name="sun.jnu.encoding" value="Cp1250"/>
    <property name="java.library.path" value="C:\Program Files\Java\jdk1.8.0_261\bin;C:\Windows\Sun\Java\bin;C:\Windows\system32;C:\Windows;C:/Program Files/Java/jre1.8.0_261/bin/server;C:/Program Files/Java/jre1.8.0_261/bin;C:/Program Files/Java/jre1.8.0_261/lib/amd64;C:\Program Files (x86)\Common Files\Oracle\Java\javapath;C:\Program Files (x86)\Integrity\ILMClient11\bin;C:\Windows\system32;C:\Windows;C:\Windows\System32\Wbem;C:\Windows\System32\WindowsPowerShell\v1.0\;C:\Windows\System32\OpenSSH\;C:\Program Files\Intel\WiFi\bin\;C:\Program Files\Common Files\Intel\WirelessCommon\;C:\Program Files (x86)\Intel\Intel(R) Management Engine Components\DAL;C:\Program Files\Intel\Intel(R) Management Engine Components\DAL;C:\Program Files (x86)\Git\cmd;C:\PROGRA~2\INTEGR~1\Toolkit\mksnt;C:\Program Files\nodejs\;C:\Users\poorva.dixit\AppData\Local\Microsoft\WindowsApps;C:\Program Files\JetBrains\IntelliJ IDEA 2019.2.2\bin;;C:\Users\poorva.dixit\AppData\Roaming\npm;C:\Users\poorva.dixit\AppData\Local\Android\Sdk\tools;C:\Users\poorva.dixit\AppData\Local\Android\Sdk\platform-tools;C:\Users\poorva.dixit\AppData\Local\Programs\Microsoft VS Code\bin;C:\flutter_windows_1.20.1-stable\flutter\bin;C:\flutter_windows_1.20.1-stable\flutter\bin\cache\dart-sdk\bin;;C:\Users\poorva.dixit\Desktop;;."/>
    <property name="java.specification.name" value="Java Platform API Specification"/>
    <property name="java.class.version" value="52.0"/>
    <property name="sun.management.compiler" value="HotSpot 64-Bit Tiered Compilers"/>
    <property name="os.version" value="10.0"/>
    <property name="user.home" value="C:\Users\poorva.dixit"/>
    <property name="user.timezone" value="Europe/Belgrade"/>
    <property name="java.awt.printerjob" value="sun.awt.windows.WPrinterJob"/>
    <property name="java.specification.version" value="1.8"/>
    <property name="file.encoding" value="Cp1250"/>
    <property name="user.name" value="poorva.dixit"/>
    <property name="java.class.path" value="C:\Users\poorva.dixit\.p2\pool\plugins\org.eclipse.m2e.maven.runtime_1.12.0.20190529-1915\jars\plexus-classworlds-2.6.0.jar"/>
    <property name="java.vm.specification.version" value="1.8"/>
    <property name="sun.arch.data.model" value="64"/>
    <property name="java.home" value="C:\Program Files\Java\jdk1.8.0_261\jre"/>
    <property name="sun.java.command" value="org.codehaus.plexus.classworlds.launcher.Launcher -B install"/>
    <property name="java.specification.vendor" value="Oracle Corporation"/>
    <property name="user.language" value="en"/>
    <property name="awt.toolkit" value="sun.awt.windows.WToolkit"/>
    <property name="java.vm.info" value="mixed mode"/>
    <property name="java.version" value="1.8.0_261"/>
    <property name="java.ext.dirs" value="C:\Program Files\Java\jdk1.8.0_261\jre\lib\ext;C:\Windows\Sun\Java\lib\ext"/>
    <property name="sun.boot.class.path" value="C:\Program Files\Java\jdk1.8.0_261\jre\lib\resources.jar;C:\Program Files\Java\jdk1.8.0_261\jre\lib\rt.jar;C:\Program Files\Java\jdk1.8.0_261\jre\lib\sunrsasign.jar;C:\Program Files\Java\jdk1.8.0_261\jre\lib\jsse.jar;C:\Program Files\Java\jdk1.8.0_261\jre\lib\jce.jar;C:\Program Files\Java\jdk1.8.0_261\jre\lib\charsets.jar;C:\Program Files\Java\jdk1.8.0_261\jre\lib\jfr.jar;C:\Program Files\Java\jdk1.8.0_261\jre\classes"/>
    <property name="java.vendor" value="Oracle Corporation"/>
    <property name="maven.home" value="C:\NewProjectFolder\RatesAPI\Rates_API\EMBEDDED"/>
    <property name="file.separator" value="\"/>
    <property name="java.vendor.url.bug" value="http://bugreport.sun.com/bugreport/"/>
    <property name="sun.cpu.endian" value="little"/>
    <property name="sun.io.unicode.encoding" value="UnicodeLittle"/>
    <property name="sun.desktop" value="windows"/>
    <property name="sun.cpu.isalist" value="amd64"/>
  </properties>
  <testcase classname="Scenario: Verify that the Rates API for the latest date fetch only the success current exchange rate" name="Given Rates API for latest Foreign Exchange" time="0"/>
  <testcase classname="Scenario: Verify that the Rates API for the latest date fetch only the success current exchange rate" name="When I execute the rates API" time="0"/>
  <testcase classname="Scenario: Verify that the Rates API for the latest date fetch only the success current exchange rate" name="Then I assert the success status of the response" time="0"/>
  <testcase classname="Scenario: Verify that the Rates API for the latest date fetch only the success current exchange rate" name="Scenario: Verify that the Rates API for the latest date fetch only the success current exchange rate" time="0.1"/>
  <testcase classname="Scenario: Verify that the Rates API for the latest date fetch all the exchange rate" name="Given Rates API for latest Foreign Exchange" time="0"/>
  <testcase classname="Scenario: Verify that the Rates API for the latest date fetch all the exchange rate" name="When I execute the rates API" time="0"/>
  <testcase classname="Scenario: Verify that the Rates API for the latest date fetch all the exchange rate" name="Then I assert the response" time="0"/>
  <testcase classname="Scenario: Verify that the Rates API for the latest date fetch all the exchange rate" name="Scenario: Verify that the Rates API for the latest date fetch all the exchange rate" time="0.082"/>
  <testcase classname="Scenario: Verify that the Rates API for the latest date fetch bad status for incorrect URL" name="Given Rates API for latest Foreign Exchange" time="0.001"/>
  <testcase classname="Scenario: Verify that the Rates API for the latest date fetch bad status for incorrect URL" name="When I execute the rates API for incorrect URL" time="0"/>
  <testcase classname="Scenario: Verify that the Rates API for the latest date fetch bad status for incorrect URL" name="Then I assert the response as per the incorrect URL" time="0"/>
  <testcase classname="Scenario: Verify that the Rates API for the latest date fetch bad status for incorrect URL" name="Scenario: Verify that the Rates API for the latest date fetch bad status for incorrect URL" time="0.072"/>
  <testcase classname="Scenario: Verify that the Rates API for the specific past date fetch all the exchange rate" name="Given Rates API for Foreign Exchange for specific date" time="0.002"/>
  <testcase classname="Scenario: Verify that the Rates API for the specific past date fetch all the exchange rate" name="When I execute the rates for specific date API" time="0"/>
  <testcase classname="Scenario: Verify that the Rates API for the specific past date fetch all the exchange rate" name="Then I assert the success status of the response" time="0"/>
  <testcase classname="Scenario: Verify that the Rates API for the specific past date fetch all the exchange rate" name="Scenario: Verify that the Rates API for the specific past date fetch all the exchange rate" time="0.085"/>
  <testcase classname="Scenario: Verify that the Rates API for the specific date fetch all the exchange rate" name="Given Rates API for Foreign Exchange for specific date" time="0"/>
  <testcase classname="Scenario: Verify that the Rates API for the specific date fetch all the exchange rate" name="When I execute the rates for specific date API" time="0"/>
  <testcase classname="Scenario: Verify that the Rates API for the specific date fetch all the exchange rate" name="Then I assert the response" time="0"/>
  <testcase classname="Scenario: Verify that the Rates API for the specific date fetch all the exchange rate" name="Scenario: Verify that the Rates API for the specific date fetch all the exchange rate" time="0.09"/>
  <testcase classname="Scenario: Verify that the Rates API for the future date fetch all the exchange rate for today date" name="Given Rates API for Foreign Exchange for specific date" time="0"/>
  <testcase classname="Scenario: Verify that the Rates API for the future date fetch all the exchange rate for today date" name="When I execute the rates API for a future date" time="0"/>
  <testcase classname="Scenario: Verify that the Rates API for the future date fetch all the exchange rate for today date" name="Then I validate the response matches the current date exchange rates" time="0"/>
  <testcase classname="Scenario: Verify that the Rates API for the future date fetch all the exchange rate for today date" name="Scenario: Verify that the Rates API for the future date fetch all the exchange rate for today date" time="0.143"/>
</testsuite>